<?xml version="1.0" encoding="UTF-8"?>
<testsuite xmlns:xsi="http://www.w3.org/2001/XMLSchema-instance" xsi:noNamespaceSchemaLocation="https://maven.apache.org/surefire/maven-surefire-plugin/xsd/surefire-test-report.xsd" name="TestSuite" time="702.129" tests="29" errors="0" skipped="0" failures="1">
  <properties>
    <property name="sun.desktop" value="windows"/>
    <property name="awt.toolkit" value="sun.awt.windows.WToolkit"/>
    <property name="java.specification.version" value="11"/>
    <property name="sun.cpu.isalist" value="amd64"/>
    <property name="sun.jnu.encoding" value="Cp1252"/>
    <property name="java.class.path" value="C:\Users\Steve Emmet\IdeaProjects\GoyaOMSFramework\target\test-classes;C:\Users\Steve Emmet\IdeaProjects\GoyaOMSFramework\target\classes;C:\Users\Steve Emmet\.m2\repository\org\seleniumhq\selenium\selenium-java\3.141.59\selenium-java-3.141.59.jar;C:\Users\Steve Emmet\.m2\repository\org\seleniumhq\selenium\selenium-api\3.141.59\selenium-api-3.141.59.jar;C:\Users\Steve Emmet\.m2\repository\org\seleniumhq\selenium\selenium-chrome-driver\3.141.59\selenium-chrome-driver-3.141.59.jar;C:\Users\Steve Emmet\.m2\repository\org\seleniumhq\selenium\selenium-edge-driver\3.141.59\selenium-edge-driver-3.141.59.jar;C:\Users\Steve Emmet\.m2\repository\org\seleniumhq\selenium\selenium-firefox-driver\3.141.59\selenium-firefox-driver-3.141.59.jar;C:\Users\Steve Emmet\.m2\repository\org\seleniumhq\selenium\selenium-ie-driver\3.141.59\selenium-ie-driver-3.141.59.jar;C:\Users\Steve Emmet\.m2\repository\org\seleniumhq\selenium\selenium-opera-driver\3.141.59\selenium-opera-driver-3.141.59.jar;C:\Users\Steve Emmet\.m2\repository\org\seleniumhq\selenium\selenium-remote-driver\3.141.59\selenium-remote-driver-3.141.59.jar;C:\Users\Steve Emmet\.m2\repository\org\seleniumhq\selenium\selenium-safari-driver\3.141.59\selenium-safari-driver-3.141.59.jar;C:\Users\Steve Emmet\.m2\repository\org\seleniumhq\selenium\selenium-support\3.141.59\selenium-support-3.141.59.jar;C:\Users\Steve Emmet\.m2\repository\net\bytebuddy\byte-buddy\1.8.15\byte-buddy-1.8.15.jar;C:\Users\Steve Emmet\.m2\repository\org\apache\commons\commons-exec\1.3\commons-exec-1.3.jar;C:\Users\Steve Emmet\.m2\repository\com\google\guava\guava\25.0-jre\guava-25.0-jre.jar;C:\Users\Steve Emmet\.m2\repository\com\google\code\findbugs\jsr305\1.3.9\jsr305-1.3.9.jar;C:\Users\Steve Emmet\.m2\repository\org\checkerframework\checker-compat-qual\2.0.0\checker-compat-qual-2.0.0.jar;C:\Users\Steve Emmet\.m2\repository\com\google\errorprone\error_prone_annotations\2.1.3\error_prone_annotations-2.1.3.jar;C:\Users\Steve Emmet\.m2\repository\com\google\j2objc\j2objc-annotations\1.1\j2objc-annotations-1.1.jar;C:\Users\Steve Emmet\.m2\repository\org\codehaus\mojo\animal-sniffer-annotations\1.14\animal-sniffer-annotations-1.14.jar;C:\Users\Steve Emmet\.m2\repository\com\squareup\okhttp3\okhttp\3.11.0\okhttp-3.11.0.jar;C:\Users\Steve Emmet\.m2\repository\com\squareup\okio\okio\1.14.0\okio-1.14.0.jar;C:\Users\Steve Emmet\.m2\repository\io\github\bonigarcia\webdrivermanager\3.3.0\webdrivermanager-3.3.0.jar;C:\Users\Steve Emmet\.m2\repository\org\slf4j\slf4j-api\1.7.25\slf4j-api-1.7.25.jar;C:\Users\Steve Emmet\.m2\repository\commons-io\commons-io\2.6\commons-io-2.6.jar;C:\Users\Steve Emmet\.m2\repository\com\google\code\gson\gson\2.8.5\gson-2.8.5.jar;C:\Users\Steve Emmet\.m2\repository\org\apache\commons\commons-lang3\3.8.1\commons-lang3-3.8.1.jar;C:\Users\Steve Emmet\.m2\repository\org\apache\httpcomponents\httpclient\4.5.6\httpclient-4.5.6.jar;C:\Users\Steve Emmet\.m2\repository\org\apache\httpcomponents\httpcore\4.4.10\httpcore-4.4.10.jar;C:\Users\Steve Emmet\.m2\repository\commons-logging\commons-logging\1.2\commons-logging-1.2.jar;C:\Users\Steve Emmet\.m2\repository\commons-codec\commons-codec\1.10\commons-codec-1.10.jar;C:\Users\Steve Emmet\.m2\repository\org\rauschig\jarchivelib\1.0.0\jarchivelib-1.0.0.jar;C:\Users\Steve Emmet\.m2\repository\org\jsoup\jsoup\1.11.3\jsoup-1.11.3.jar;C:\Users\Steve Emmet\.m2\repository\junit\junit\4.12\junit-4.12.jar;C:\Users\Steve Emmet\.m2\repository\org\hamcrest\hamcrest-core\1.3\hamcrest-core-1.3.jar;C:\Users\Steve Emmet\.m2\repository\com\tngtech\java\junit-dataprovider\1.13.1\junit-dataprovider-1.13.1.jar;C:\Users\Steve Emmet\.m2\repository\net\sourceforge\jexcelapi\jxl\2.6.12\jxl-2.6.12.jar;C:\Users\Steve Emmet\.m2\repository\log4j\log4j\1.2.14\log4j-1.2.14.jar;C:\Users\Steve Emmet\.m2\repository\org\apache\poi\poi-ooxml\4.0.1\poi-ooxml-4.0.1.jar;C:\Users\Steve Emmet\.m2\repository\org\apache\poi\poi\4.0.1\poi-4.0.1.jar;C:\Users\Steve Emmet\.m2\repository\org\apache\commons\commons-collections4\4.2\commons-collections4-4.2.jar;C:\Users\Steve Emmet\.m2\repository\org\apache\commons\commons-math3\3.6.1\commons-math3-3.6.1.jar;C:\Users\Steve Emmet\.m2\repository\org\apache\poi\poi-ooxml-schemas\4.0.1\poi-ooxml-schemas-4.0.1.jar;C:\Users\Steve Emmet\.m2\repository\org\apache\xmlbeans\xmlbeans\3.0.2\xmlbeans-3.0.2.jar;C:\Users\Steve Emmet\.m2\repository\org\apache\commons\commons-compress\1.18\commons-compress-1.18.jar;C:\Users\Steve Emmet\.m2\repository\com\github\virtuald\curvesapi\1.05\curvesapi-1.05.jar;C:\Users\Steve Emmet\.m2\repository\org\testng\testng\6.14.3\testng-6.14.3.jar;C:\Users\Steve Emmet\.m2\repository\com\beust\jcommander\1.72\jcommander-1.72.jar;C:\Users\Steve Emmet\.m2\repository\org\apache-extras\beanshell\bsh\2.0b6\bsh-2.0b6.jar;C:\Users\Steve Emmet\.m2\repository\org\hamcrest\hamcrest-all\1.3\hamcrest-all-1.3.jar;C:\Users\Steve Emmet\.m2\repository\info\cukes\cucumber-java\1.2.5\cucumber-java-1.2.5.jar;C:\Users\Steve Emmet\.m2\repository\info\cukes\cucumber-core\1.2.5\cucumber-core-1.2.5.jar;C:\Users\Steve Emmet\.m2\repository\info\cukes\cucumber-html\0.2.3\cucumber-html-0.2.3.jar;C:\Users\Steve Emmet\.m2\repository\info\cukes\cucumber-jvm-deps\1.0.5\cucumber-jvm-deps-1.0.5.jar;C:\Users\Steve Emmet\.m2\repository\info\cukes\gherkin\2.12.2\gherkin-2.12.2.jar;C:\Users\Steve Emmet\.m2\repository\info\cukes\cucumber-junit\1.2.5\cucumber-junit-1.2.5.jar;C:\Users\Steve Emmet\.m2\repository\info\cukes\cucumber-testng\1.2.5\cucumber-testng-1.2.5.jar;C:\Users\Steve Emmet\.m2\repository\net\masterthought\cucumber-reporting\4.4.0\cucumber-reporting-4.4.0.jar;C:\Users\Steve Emmet\.m2\repository\com\fasterxml\jackson\core\jackson-databind\2.9.8\jackson-databind-2.9.8.jar;C:\Users\Steve Emmet\.m2\repository\com\fasterxml\jackson\core\jackson-annotations\2.9.0\jackson-annotations-2.9.0.jar;C:\Users\Steve Emmet\.m2\repository\com\fasterxml\jackson\core\jackson-core\2.9.8\jackson-core-2.9.8.jar;C:\Users\Steve Emmet\.m2\repository\org\apache\velocity\velocity\1.7\velocity-1.7.jar;C:\Users\Steve Emmet\.m2\repository\commons-collections\commons-collections\3.2.1\commons-collections-3.2.1.jar;C:\Users\Steve Emmet\.m2\repository\velocity-tools\velocity-tools\1.4\velocity-tools-1.4.jar;C:\Users\Steve Emmet\.m2\repository\joda-time\joda-time\2.10.1\joda-time-2.10.1.jar;C:\Users\Steve Emmet\.m2\repository\org\codehaus\plexus\plexus-utils\3.1.1\plexus-utils-3.1.1.jar;C:\Users\Steve Emmet\.m2\repository\com\googlecode\owasp-java-html-sanitizer\owasp-java-html-sanitizer\20181114.1\owasp-java-html-sanitizer-20181114.1.jar;C:\Users\Steve Emmet\.m2\repository\commons-configuration\commons-configuration\1.10\commons-configuration-1.10.jar;C:\Users\Steve Emmet\.m2\repository\net\masterthought\maven-cucumber-reporting\4.4.0\maven-cucumber-reporting-4.4.0.jar;C:\Users\Steve Emmet\.m2\repository\org\apache\maven\maven-plugin-api\3.5.0\maven-plugin-api-3.5.0.jar;C:\Users\Steve Emmet\.m2\repository\org\apache\maven\maven-model\3.5.0\maven-model-3.5.0.jar;C:\Users\Steve Emmet\.m2\repository\org\apache\maven\maven-artifact\3.5.0\maven-artifact-3.5.0.jar;C:\Users\Steve Emmet\.m2\repository\org\eclipse\sisu\org.eclipse.sisu.plexus\0.3.3\org.eclipse.sisu.plexus-0.3.3.jar;C:\Users\Steve Emmet\.m2\repository\javax\enterprise\cdi-api\1.0\cdi-api-1.0.jar;C:\Users\Steve Emmet\.m2\repository\javax\annotation\jsr250-api\1.0\jsr250-api-1.0.jar;C:\Users\Steve Emmet\.m2\repository\org\eclipse\sisu\org.eclipse.sisu.inject\0.3.3\org.eclipse.sisu.inject-0.3.3.jar;C:\Users\Steve Emmet\.m2\repository\org\codehaus\plexus\plexus-component-annotations\1.5.5\plexus-component-annotations-1.5.5.jar;C:\Users\Steve Emmet\.m2\repository\org\codehaus\plexus\plexus-classworlds\2.5.2\plexus-classworlds-2.5.2.jar;C:\Users\Steve Emmet\.m2\repository\org\apache\maven\plugins\maven-gpg-plugin\1.6\maven-gpg-plugin-1.6.jar;C:\Users\Steve Emmet\.m2\repository\org\apache\maven\maven-project\2.2.1\maven-project-2.2.1.jar;C:\Users\Steve Emmet\.m2\repository\org\apache\maven\maven-settings\2.2.1\maven-settings-2.2.1.jar;C:\Users\Steve Emmet\.m2\repository\org\apache\maven\maven-profile\2.2.1\maven-profile-2.2.1.jar;C:\Users\Steve Emmet\.m2\repository\org\apache\maven\maven-artifact-manager\2.2.1\maven-artifact-manager-2.2.1.jar;C:\Users\Steve Emmet\.m2\repository\org\apache\maven\wagon\wagon-provider-api\1.0-beta-6\wagon-provider-api-1.0-beta-6.jar;C:\Users\Steve Emmet\.m2\repository\backport-util-concurrent\backport-util-concurrent\3.1\backport-util-concurrent-3.1.jar;C:\Users\Steve Emmet\.m2\repository\org\apache\maven\maven-plugin-registry\2.2.1\maven-plugin-registry-2.2.1.jar;C:\Users\Steve Emmet\.m2\repository\org\codehaus\plexus\plexus-interpolation\1.11\plexus-interpolation-1.11.jar;C:\Users\Steve Emmet\.m2\repository\org\codehaus\plexus\plexus-container-default\1.0-alpha-9-stable-1\plexus-container-default-1.0-alpha-9-stable-1.jar;C:\Users\Steve Emmet\.m2\repository\classworlds\classworlds\1.1-alpha-2\classworlds-1.1-alpha-2.jar;C:\Users\Steve Emmet\.m2\repository\org\apache\maven\maven-repository-metadata\2.2.1\maven-repository-metadata-2.2.1.jar;C:\Users\Steve Emmet\.m2\repository\org\sonatype\plexus\plexus-sec-dispatcher\1.4\plexus-sec-dispatcher-1.4.jar;C:\Users\Steve Emmet\.m2\repository\org\sonatype\plexus\plexus-cipher\1.4\plexus-cipher-1.4.jar;C:\Users\Steve Emmet\.m2\repository\com\aventstack\extentreports\3.0.5\extentreports-3.0.5.jar;C:\Users\Steve Emmet\.m2\repository\org\freemarker\freemarker\2.3.23\freemarker-2.3.23.jar;C:\Users\Steve Emmet\.m2\repository\org\mongodb\mongodb-driver\3.3.0\mongodb-driver-3.3.0.jar;C:\Users\Steve Emmet\.m2\repository\org\mongodb\bson\3.3.0\bson-3.3.0.jar;C:\Users\Steve Emmet\.m2\repository\org\mongodb\mongodb-driver-core\3.3.0\mongodb-driver-core-3.3.0.jar;C:\Users\Steve Emmet\.m2\repository\org\apache\httpcomponents\httpmime\4.5.2\httpmime-4.5.2.jar;C:\Users\Steve Emmet\.m2\repository\com\paxovision\paxo-reporter\1.0.11\paxo-reporter-1.0.11.jar;C:\Users\Steve Emmet\.m2\repository\org\rythmengine\rythm-engine\1.0.1\rythm-engine-1.0.1.jar;C:\Users\Steve Emmet\.m2\repository\org\eclipse\jdt\core\compiler\ecj\4.3.1\ecj-4.3.1.jar;C:\Users\Steve Emmet\.m2\repository\com\stevesoft\pat\pat\1.5.3\pat-1.5.3.jar;C:\Users\Steve Emmet\.m2\repository\com\alibaba\fastjson\1.1.39\fastjson-1.1.39.jar;C:\Users\Steve Emmet\.m2\repository\org\mvel\mvel2\2.1.5.Final\mvel2-2.1.5.Final.jar;C:\Users\Steve Emmet\.m2\repository\com\google\inject\guice\3.0\guice-3.0.jar;C:\Users\Steve Emmet\.m2\repository\javax\inject\javax.inject\1\javax.inject-1.jar;C:\Users\Steve Emmet\.m2\repository\aopalliance\aopalliance\1.0\aopalliance-1.0.jar;C:\Users\Steve Emmet\.m2\repository\net\sourceforge\collections\collections-generic\4.01\collections-generic-4.01.jar;C:\Users\Steve Emmet\.m2\repository\commons-lang\commons-lang\2.6\commons-lang-2.6.jar;C:\Users\Steve Emmet\.m2\repository\net\coobird\thumbnailator\0.4.8\thumbnailator-0.4.8.jar;C:\Users\Steve Emmet\.m2\repository\cglib\cglib-full\2.0.2\cglib-full-2.0.2.jar;C:\Users\Steve Emmet\.m2\repository\io\rest-assured\rest-assured\3.0.3\rest-assured-3.0.3.jar;C:\Users\Steve Emmet\.m2\repository\org\codehaus\groovy\groovy\2.4.9\groovy-2.4.9.jar;C:\Users\Steve Emmet\.m2\repository\org\codehaus\groovy\groovy-xml\2.4.9\groovy-xml-2.4.9.jar;C:\Users\Steve Emmet\.m2\repository\org\hamcrest\hamcrest-library\1.3\hamcrest-library-1.3.jar;C:\Users\Steve Emmet\.m2\repository\org\ccil\cowan\tagsoup\tagsoup\1.2.1\tagsoup-1.2.1.jar;C:\Users\Steve Emmet\.m2\repository\io\rest-assured\json-path\3.0.3\json-path-3.0.3.jar;C:\Users\Steve Emmet\.m2\repository\org\codehaus\groovy\groovy-json\2.4.9\groovy-json-2.4.9.jar;C:\Users\Steve Emmet\.m2\repository\io\rest-assured\rest-assured-common\3.0.3\rest-assured-common-3.0.3.jar;C:\Users\Steve Emmet\.m2\repository\io\rest-assured\xml-path\3.0.3\xml-path-3.0.3.jar;C:\Users\Steve Emmet\.m2\repository\io\rest-assured\json-schema-validator\3.0.3\json-schema-validator-3.0.3.jar;C:\Users\Steve Emmet\.m2\repository\com\github\fge\json-schema-validator\2.2.6\json-schema-validator-2.2.6.jar;C:\Users\Steve Emmet\.m2\repository\com\googlecode\libphonenumber\libphonenumber\6.2\libphonenumber-6.2.jar;C:\Users\Steve Emmet\.m2\repository\com\github\fge\json-schema-core\1.2.5\json-schema-core-1.2.5.jar;C:\Users\Steve Emmet\.m2\repository\com\github\fge\uri-template\0.9\uri-template-0.9.jar;C:\Users\Steve Emmet\.m2\repository\com\github\fge\msg-simple\1.1\msg-simple-1.1.jar;C:\Users\Steve Emmet\.m2\repository\com\github\fge\btf\1.2\btf-1.2.jar;C:\Users\Steve Emmet\.m2\repository\com\github\fge\jackson-coreutils\1.8\jackson-coreutils-1.8.jar;C:\Users\Steve Emmet\.m2\repository\org\mozilla\rhino\1.7R4\rhino-1.7R4.jar;C:\Users\Steve Emmet\.m2\repository\javax\mail\mailapi\1.4.3\mailapi-1.4.3.jar;C:\Users\Steve Emmet\.m2\repository\javax\activation\activation\1.1\activation-1.1.jar;C:\Users\Steve Emmet\.m2\repository\net\sf\jopt-simple\jopt-simple\4.6\jopt-simple-4.6.jar;C:\Users\Steve Emmet\.m2\repository\org\sikuli\sikuli-core\1.2.2\sikuli-core-1.2.2.jar;C:\Users\Steve Emmet\.m2\repository\org\bytedeco\javacpp\0.9\javacpp-0.9.jar;C:\Users\Steve Emmet\.m2\repository\org\bytedeco\javacpp-presets\opencv\2.4.9-0.9\opencv-2.4.9-0.9.jar;C:\Users\Steve Emmet\.m2\repository\org\piccolo2d\piccolo2d-extras\1.3.1\piccolo2d-extras-1.3.1.jar;C:\Users\Steve Emmet\.m2\repository\org\piccolo2d\piccolo2d-core\1.3.1\piccolo2d-core-1.3.1.jar;C:\Users\Steve Emmet\.m2\repository\com\sikulix\sikulixapi\1.1.0\sikulixapi-1.1.0.jar;C:\Users\Steve Emmet\.m2\repository\commons-cli\commons-cli\1.2\commons-cli-1.2.jar;C:\Users\Steve Emmet\.m2\repository\com\melloware\jintellitype\1.3.7\jintellitype-1.3.7.jar;C:\Users\Steve Emmet\.m2\repository\jxgrabkey\jxgrabkey\1.0\jxgrabkey-1.0.jar;C:\Users\Steve Emmet\.m2\repository\org\swinglabs\swing-layout\1.0.3\swing-layout-1.0.3.jar;C:\Users\Steve Emmet\.m2\repository\com\nativelibs4java\bridj\0.6.2\bridj-0.6.2.jar;C:\Users\Steve Emmet\.m2\repository\com\sikulix\sikulixlibswin\1.1.0\sikulixlibswin-1.1.0.jar;C:\Users\Steve Emmet\.m2\repository\org\apache\maven\surefire\surefire-testng-utils\2.22.0\surefire-testng-utils-2.22.0.jar;C:\Users\Steve Emmet\.m2\repository\org\apache\maven\surefire\surefire-grouper\2.22.0\surefire-grouper-2.22.0.jar;"/>
    <property name="java.vm.vendor" value="Oracle Corporation"/>
    <property name="sun.arch.data.model" value="64"/>
    <property name="user.variant" value=""/>
    <property name="java.vendor.url" value="http://java.oracle.com/"/>
    <property name="user.timezone" value="America/New_York"/>
    <property name="java.vm.specification.version" value="11"/>
    <property name="os.name" value="Windows 10"/>
    <property name="sun.java.launcher" value="SUN_STANDARD"/>
    <property name="user.country" value="US"/>
    <property name="sun.boot.library.path" value="C:\Program Files\Java\jdk-11.0.2\bin"/>
    <property name="sun.java.command" value="C:\Users\STEVEE~1\AppData\Local\Temp\surefire17557847294387007825\surefirebooter4031982349767670466.jar C:\Users\Steve Emmet\AppData\Local\Temp\surefire17557847294387007825 2019-05-03T09-57-17_784-jvmRun1 surefire10628813065558918448tmp surefire_014636197156762841018tmp"/>
    <property name="jdk.debug" value="release"/>
    <property name="surefire.test.class.path" value="C:\Users\Steve Emmet\IdeaProjects\GoyaOMSFramework\target\test-classes;C:\Users\Steve Emmet\IdeaProjects\GoyaOMSFramework\target\classes;C:\Users\Steve Emmet\.m2\repository\org\seleniumhq\selenium\selenium-java\3.141.59\selenium-java-3.141.59.jar;C:\Users\Steve Emmet\.m2\repository\org\seleniumhq\selenium\selenium-api\3.141.59\selenium-api-3.141.59.jar;C:\Users\Steve Emmet\.m2\repository\org\seleniumhq\selenium\selenium-chrome-driver\3.141.59\selenium-chrome-driver-3.141.59.jar;C:\Users\Steve Emmet\.m2\repository\org\seleniumhq\selenium\selenium-edge-driver\3.141.59\selenium-edge-driver-3.141.59.jar;C:\Users\Steve Emmet\.m2\repository\org\seleniumhq\selenium\selenium-firefox-driver\3.141.59\selenium-firefox-driver-3.141.59.jar;C:\Users\Steve Emmet\.m2\repository\org\seleniumhq\selenium\selenium-ie-driver\3.141.59\selenium-ie-driver-3.141.59.jar;C:\Users\Steve Emmet\.m2\repository\org\seleniumhq\selenium\selenium-opera-driver\3.141.59\selenium-opera-driver-3.141.59.jar;C:\Users\Steve Emmet\.m2\repository\org\seleniumhq\selenium\selenium-remote-driver\3.141.59\selenium-remote-driver-3.141.59.jar;C:\Users\Steve Emmet\.m2\repository\org\seleniumhq\selenium\selenium-safari-driver\3.141.59\selenium-safari-driver-3.141.59.jar;C:\Users\Steve Emmet\.m2\repository\org\seleniumhq\selenium\selenium-support\3.141.59\selenium-support-3.141.59.jar;C:\Users\Steve Emmet\.m2\repository\net\bytebuddy\byte-buddy\1.8.15\byte-buddy-1.8.15.jar;C:\Users\Steve Emmet\.m2\repository\org\apache\commons\commons-exec\1.3\commons-exec-1.3.jar;C:\Users\Steve Emmet\.m2\repository\com\google\guava\guava\25.0-jre\guava-25.0-jre.jar;C:\Users\Steve Emmet\.m2\repository\com\google\code\findbugs\jsr305\1.3.9\jsr305-1.3.9.jar;C:\Users\Steve Emmet\.m2\repository\org\checkerframework\checker-compat-qual\2.0.0\checker-compat-qual-2.0.0.jar;C:\Users\Steve Emmet\.m2\repository\com\google\errorprone\error_prone_annotations\2.1.3\error_prone_annotations-2.1.3.jar;C:\Users\Steve Emmet\.m2\repository\com\google\j2objc\j2objc-annotations\1.1\j2objc-annotations-1.1.jar;C:\Users\Steve Emmet\.m2\repository\org\codehaus\mojo\animal-sniffer-annotations\1.14\animal-sniffer-annotations-1.14.jar;C:\Users\Steve Emmet\.m2\repository\com\squareup\okhttp3\okhttp\3.11.0\okhttp-3.11.0.jar;C:\Users\Steve Emmet\.m2\repository\com\squareup\okio\okio\1.14.0\okio-1.14.0.jar;C:\Users\Steve Emmet\.m2\repository\io\github\bonigarcia\webdrivermanager\3.3.0\webdrivermanager-3.3.0.jar;C:\Users\Steve Emmet\.m2\repository\org\slf4j\slf4j-api\1.7.25\slf4j-api-1.7.25.jar;C:\Users\Steve Emmet\.m2\repository\commons-io\commons-io\2.6\commons-io-2.6.jar;C:\Users\Steve Emmet\.m2\repository\com\google\code\gson\gson\2.8.5\gson-2.8.5.jar;C:\Users\Steve Emmet\.m2\repository\org\apache\commons\commons-lang3\3.8.1\commons-lang3-3.8.1.jar;C:\Users\Steve Emmet\.m2\repository\org\apache\httpcomponents\httpclient\4.5.6\httpclient-4.5.6.jar;C:\Users\Steve Emmet\.m2\repository\org\apache\httpcomponents\httpcore\4.4.10\httpcore-4.4.10.jar;C:\Users\Steve Emmet\.m2\repository\commons-logging\commons-logging\1.2\commons-logging-1.2.jar;C:\Users\Steve Emmet\.m2\repository\commons-codec\commons-codec\1.10\commons-codec-1.10.jar;C:\Users\Steve Emmet\.m2\repository\org\rauschig\jarchivelib\1.0.0\jarchivelib-1.0.0.jar;C:\Users\Steve Emmet\.m2\repository\org\jsoup\jsoup\1.11.3\jsoup-1.11.3.jar;C:\Users\Steve Emmet\.m2\repository\junit\junit\4.12\junit-4.12.jar;C:\Users\Steve Emmet\.m2\repository\org\hamcrest\hamcrest-core\1.3\hamcrest-core-1.3.jar;C:\Users\Steve Emmet\.m2\repository\com\tngtech\java\junit-dataprovider\1.13.1\junit-dataprovider-1.13.1.jar;C:\Users\Steve Emmet\.m2\repository\net\sourceforge\jexcelapi\jxl\2.6.12\jxl-2.6.12.jar;C:\Users\Steve Emmet\.m2\repository\log4j\log4j\1.2.14\log4j-1.2.14.jar;C:\Users\Steve Emmet\.m2\repository\org\apache\poi\poi-ooxml\4.0.1\poi-ooxml-4.0.1.jar;C:\Users\Steve Emmet\.m2\repository\org\apache\poi\poi\4.0.1\poi-4.0.1.jar;C:\Users\Steve Emmet\.m2\repository\org\apache\commons\commons-collections4\4.2\commons-collections4-4.2.jar;C:\Users\Steve Emmet\.m2\repository\org\apache\commons\commons-math3\3.6.1\commons-math3-3.6.1.jar;C:\Users\Steve Emmet\.m2\repository\org\apache\poi\poi-ooxml-schemas\4.0.1\poi-ooxml-schemas-4.0.1.jar;C:\Users\Steve Emmet\.m2\repository\org\apache\xmlbeans\xmlbeans\3.0.2\xmlbeans-3.0.2.jar;C:\Users\Steve Emmet\.m2\repository\org\apache\commons\commons-compress\1.18\commons-compress-1.18.jar;C:\Users\Steve Emmet\.m2\repository\com\github\virtuald\curvesapi\1.05\curvesapi-1.05.jar;C:\Users\Steve Emmet\.m2\repository\org\testng\testng\6.14.3\testng-6.14.3.jar;C:\Users\Steve Emmet\.m2\repository\com\beust\jcommander\1.72\jcommander-1.72.jar;C:\Users\Steve Emmet\.m2\repository\org\apache-extras\beanshell\bsh\2.0b6\bsh-2.0b6.jar;C:\Users\Steve Emmet\.m2\repository\org\hamcrest\hamcrest-all\1.3\hamcrest-all-1.3.jar;C:\Users\Steve Emmet\.m2\repository\info\cukes\cucumber-java\1.2.5\cucumber-java-1.2.5.jar;C:\Users\Steve Emmet\.m2\repository\info\cukes\cucumber-core\1.2.5\cucumber-core-1.2.5.jar;C:\Users\Steve Emmet\.m2\repository\info\cukes\cucumber-html\0.2.3\cucumber-html-0.2.3.jar;C:\Users\Steve Emmet\.m2\repository\info\cukes\cucumber-jvm-deps\1.0.5\cucumber-jvm-deps-1.0.5.jar;C:\Users\Steve Emmet\.m2\repository\info\cukes\gherkin\2.12.2\gherkin-2.12.2.jar;C:\Users\Steve Emmet\.m2\repository\info\cukes\cucumber-junit\1.2.5\cucumber-junit-1.2.5.jar;C:\Users\Steve Emmet\.m2\repository\info\cukes\cucumber-testng\1.2.5\cucumber-testng-1.2.5.jar;C:\Users\Steve Emmet\.m2\repository\net\masterthought\cucumber-reporting\4.4.0\cucumber-reporting-4.4.0.jar;C:\Users\Steve Emmet\.m2\repository\com\fasterxml\jackson\core\jackson-databind\2.9.8\jackson-databind-2.9.8.jar;C:\Users\Steve Emmet\.m2\repository\com\fasterxml\jackson\core\jackson-annotations\2.9.0\jackson-annotations-2.9.0.jar;C:\Users\Steve Emmet\.m2\repository\com\fasterxml\jackson\core\jackson-core\2.9.8\jackson-core-2.9.8.jar;C:\Users\Steve Emmet\.m2\repository\org\apache\velocity\velocity\1.7\velocity-1.7.jar;C:\Users\Steve Emmet\.m2\repository\commons-collections\commons-collections\3.2.1\commons-collections-3.2.1.jar;C:\Users\Steve Emmet\.m2\repository\velocity-tools\velocity-tools\1.4\velocity-tools-1.4.jar;C:\Users\Steve Emmet\.m2\repository\joda-time\joda-time\2.10.1\joda-time-2.10.1.jar;C:\Users\Steve Emmet\.m2\repository\org\codehaus\plexus\plexus-utils\3.1.1\plexus-utils-3.1.1.jar;C:\Users\Steve Emmet\.m2\repository\com\googlecode\owasp-java-html-sanitizer\owasp-java-html-sanitizer\20181114.1\owasp-java-html-sanitizer-20181114.1.jar;C:\Users\Steve Emmet\.m2\repository\commons-configuration\commons-configuration\1.10\commons-configuration-1.10.jar;C:\Users\Steve Emmet\.m2\repository\net\masterthought\maven-cucumber-reporting\4.4.0\maven-cucumber-reporting-4.4.0.jar;C:\Users\Steve Emmet\.m2\repository\org\apache\maven\maven-plugin-api\3.5.0\maven-plugin-api-3.5.0.jar;C:\Users\Steve Emmet\.m2\repository\org\apache\maven\maven-model\3.5.0\maven-model-3.5.0.jar;C:\Users\Steve Emmet\.m2\repository\org\apache\maven\maven-artifact\3.5.0\maven-artifact-3.5.0.jar;C:\Users\Steve Emmet\.m2\repository\org\eclipse\sisu\org.eclipse.sisu.plexus\0.3.3\org.eclipse.sisu.plexus-0.3.3.jar;C:\Users\Steve Emmet\.m2\repository\javax\enterprise\cdi-api\1.0\cdi-api-1.0.jar;C:\Users\Steve Emmet\.m2\repository\javax\annotation\jsr250-api\1.0\jsr250-api-1.0.jar;C:\Users\Steve Emmet\.m2\repository\org\eclipse\sisu\org.eclipse.sisu.inject\0.3.3\org.eclipse.sisu.inject-0.3.3.jar;C:\Users\Steve Emmet\.m2\repository\org\codehaus\plexus\plexus-component-annotations\1.5.5\plexus-component-annotations-1.5.5.jar;C:\Users\Steve Emmet\.m2\repository\org\codehaus\plexus\plexus-classworlds\2.5.2\plexus-classworlds-2.5.2.jar;C:\Users\Steve Emmet\.m2\repository\org\apache\maven\plugins\maven-gpg-plugin\1.6\maven-gpg-plugin-1.6.jar;C:\Users\Steve Emmet\.m2\repository\org\apache\maven\maven-project\2.2.1\maven-project-2.2.1.jar;C:\Users\Steve Emmet\.m2\repository\org\apache\maven\maven-settings\2.2.1\maven-settings-2.2.1.jar;C:\Users\Steve Emmet\.m2\repository\org\apache\maven\maven-profile\2.2.1\maven-profile-2.2.1.jar;C:\Users\Steve Emmet\.m2\repository\org\apache\maven\maven-artifact-manager\2.2.1\maven-artifact-manager-2.2.1.jar;C:\Users\Steve Emmet\.m2\repository\org\apache\maven\wagon\wagon-provider-api\1.0-beta-6\wagon-provider-api-1.0-beta-6.jar;C:\Users\Steve Emmet\.m2\repository\backport-util-concurrent\backport-util-concurrent\3.1\backport-util-concurrent-3.1.jar;C:\Users\Steve Emmet\.m2\repository\org\apache\maven\maven-plugin-registry\2.2.1\maven-plugin-registry-2.2.1.jar;C:\Users\Steve Emmet\.m2\repository\org\codehaus\plexus\plexus-interpolation\1.11\plexus-interpolation-1.11.jar;C:\Users\Steve Emmet\.m2\repository\org\codehaus\plexus\plexus-container-default\1.0-alpha-9-stable-1\plexus-container-default-1.0-alpha-9-stable-1.jar;C:\Users\Steve Emmet\.m2\repository\classworlds\classworlds\1.1-alpha-2\classworlds-1.1-alpha-2.jar;C:\Users\Steve Emmet\.m2\repository\org\apache\maven\maven-repository-metadata\2.2.1\maven-repository-metadata-2.2.1.jar;C:\Users\Steve Emmet\.m2\repository\org\sonatype\plexus\plexus-sec-dispatcher\1.4\plexus-sec-dispatcher-1.4.jar;C:\Users\Steve Emmet\.m2\repository\org\sonatype\plexus\plexus-cipher\1.4\plexus-cipher-1.4.jar;C:\Users\Steve Emmet\.m2\repository\com\aventstack\extentreports\3.0.5\extentreports-3.0.5.jar;C:\Users\Steve Emmet\.m2\repository\org\freemarker\freemarker\2.3.23\freemarker-2.3.23.jar;C:\Users\Steve Emmet\.m2\repository\org\mongodb\mongodb-driver\3.3.0\mongodb-driver-3.3.0.jar;C:\Users\Steve Emmet\.m2\repository\org\mongodb\bson\3.3.0\bson-3.3.0.jar;C:\Users\Steve Emmet\.m2\repository\org\mongodb\mongodb-driver-core\3.3.0\mongodb-driver-core-3.3.0.jar;C:\Users\Steve Emmet\.m2\repository\org\apache\httpcomponents\httpmime\4.5.2\httpmime-4.5.2.jar;C:\Users\Steve Emmet\.m2\repository\com\paxovision\paxo-reporter\1.0.11\paxo-reporter-1.0.11.jar;C:\Users\Steve Emmet\.m2\repository\org\rythmengine\rythm-engine\1.0.1\rythm-engine-1.0.1.jar;C:\Users\Steve Emmet\.m2\repository\org\eclipse\jdt\core\compiler\ecj\4.3.1\ecj-4.3.1.jar;C:\Users\Steve Emmet\.m2\repository\com\stevesoft\pat\pat\1.5.3\pat-1.5.3.jar;C:\Users\Steve Emmet\.m2\repository\com\alibaba\fastjson\1.1.39\fastjson-1.1.39.jar;C:\Users\Steve Emmet\.m2\repository\org\mvel\mvel2\2.1.5.Final\mvel2-2.1.5.Final.jar;C:\Users\Steve Emmet\.m2\repository\com\google\inject\guice\3.0\guice-3.0.jar;C:\Users\Steve Emmet\.m2\repository\javax\inject\javax.inject\1\javax.inject-1.jar;C:\Users\Steve Emmet\.m2\repository\aopalliance\aopalliance\1.0\aopalliance-1.0.jar;C:\Users\Steve Emmet\.m2\repository\net\sourceforge\collections\collections-generic\4.01\collections-generic-4.01.jar;C:\Users\Steve Emmet\.m2\repository\commons-lang\commons-lang\2.6\commons-lang-2.6.jar;C:\Users\Steve Emmet\.m2\repository\net\coobird\thumbnailator\0.4.8\thumbnailator-0.4.8.jar;C:\Users\Steve Emmet\.m2\repository\cglib\cglib-full\2.0.2\cglib-full-2.0.2.jar;C:\Users\Steve Emmet\.m2\repository\io\rest-assured\rest-assured\3.0.3\rest-assured-3.0.3.jar;C:\Users\Steve Emmet\.m2\repository\org\codehaus\groovy\groovy\2.4.9\groovy-2.4.9.jar;C:\Users\Steve Emmet\.m2\repository\org\codehaus\groovy\groovy-xml\2.4.9\groovy-xml-2.4.9.jar;C:\Users\Steve Emmet\.m2\repository\org\hamcrest\hamcrest-library\1.3\hamcrest-library-1.3.jar;C:\Users\Steve Emmet\.m2\repository\org\ccil\cowan\tagsoup\tagsoup\1.2.1\tagsoup-1.2.1.jar;C:\Users\Steve Emmet\.m2\repository\io\rest-assured\json-path\3.0.3\json-path-3.0.3.jar;C:\Users\Steve Emmet\.m2\repository\org\codehaus\groovy\groovy-json\2.4.9\groovy-json-2.4.9.jar;C:\Users\Steve Emmet\.m2\repository\io\rest-assured\rest-assured-common\3.0.3\rest-assured-common-3.0.3.jar;C:\Users\Steve Emmet\.m2\repository\io\rest-assured\xml-path\3.0.3\xml-path-3.0.3.jar;C:\Users\Steve Emmet\.m2\repository\io\rest-assured\json-schema-validator\3.0.3\json-schema-validator-3.0.3.jar;C:\Users\Steve Emmet\.m2\repository\com\github\fge\json-schema-validator\2.2.6\json-schema-validator-2.2.6.jar;C:\Users\Steve Emmet\.m2\repository\com\googlecode\libphonenumber\libphonenumber\6.2\libphonenumber-6.2.jar;C:\Users\Steve Emmet\.m2\repository\com\github\fge\json-schema-core\1.2.5\json-schema-core-1.2.5.jar;C:\Users\Steve Emmet\.m2\repository\com\github\fge\uri-template\0.9\uri-template-0.9.jar;C:\Users\Steve Emmet\.m2\repository\com\github\fge\msg-simple\1.1\msg-simple-1.1.jar;C:\Users\Steve Emmet\.m2\repository\com\github\fge\btf\1.2\btf-1.2.jar;C:\Users\Steve Emmet\.m2\repository\com\github\fge\jackson-coreutils\1.8\jackson-coreutils-1.8.jar;C:\Users\Steve Emmet\.m2\repository\org\mozilla\rhino\1.7R4\rhino-1.7R4.jar;C:\Users\Steve Emmet\.m2\repository\javax\mail\mailapi\1.4.3\mailapi-1.4.3.jar;C:\Users\Steve Emmet\.m2\repository\javax\activation\activation\1.1\activation-1.1.jar;C:\Users\Steve Emmet\.m2\repository\net\sf\jopt-simple\jopt-simple\4.6\jopt-simple-4.6.jar;C:\Users\Steve Emmet\.m2\repository\org\sikuli\sikuli-core\1.2.2\sikuli-core-1.2.2.jar;C:\Users\Steve Emmet\.m2\repository\org\bytedeco\javacpp\0.9\javacpp-0.9.jar;C:\Users\Steve Emmet\.m2\repository\org\bytedeco\javacpp-presets\opencv\2.4.9-0.9\opencv-2.4.9-0.9.jar;C:\Users\Steve Emmet\.m2\repository\org\piccolo2d\piccolo2d-extras\1.3.1\piccolo2d-extras-1.3.1.jar;C:\Users\Steve Emmet\.m2\repository\org\piccolo2d\piccolo2d-core\1.3.1\piccolo2d-core-1.3.1.jar;C:\Users\Steve Emmet\.m2\repository\com\sikulix\sikulixapi\1.1.0\sikulixapi-1.1.0.jar;C:\Users\Steve Emmet\.m2\repository\commons-cli\commons-cli\1.2\commons-cli-1.2.jar;C:\Users\Steve Emmet\.m2\repository\com\melloware\jintellitype\1.3.7\jintellitype-1.3.7.jar;C:\Users\Steve Emmet\.m2\repository\jxgrabkey\jxgrabkey\1.0\jxgrabkey-1.0.jar;C:\Users\Steve Emmet\.m2\repository\org\swinglabs\swing-layout\1.0.3\swing-layout-1.0.3.jar;C:\Users\Steve Emmet\.m2\repository\com\nativelibs4java\bridj\0.6.2\bridj-0.6.2.jar;C:\Users\Steve Emmet\.m2\repository\com\sikulix\sikulixlibswin\1.1.0\sikulixlibswin-1.1.0.jar;C:\Users\Steve Emmet\.m2\repository\org\apache\maven\surefire\surefire-testng-utils\2.22.0\surefire-testng-utils-2.22.0.jar;C:\Users\Steve Emmet\.m2\repository\org\apache\maven\surefire\surefire-grouper\2.22.0\surefire-grouper-2.22.0.jar;"/>
    <property name="sun.cpu.endian" value="little"/>
    <property name="user.home" value="C:\Users\Steve Emmet"/>
    <property name="user.language" value="en"/>
    <property name="java.specification.vendor" value="Oracle Corporation"/>
    <property name="java.version.date" value="2019-01-15"/>
    <property name="java.home" value="C:\Program Files\Java\jdk-11.0.2"/>
    <property name="file.separator" value="\"/>
    <property name="basedir" value="C:\Users\Steve Emmet\IdeaProjects\GoyaOMSFramework"/>
    <property name="java.vm.compressedOopsMode" value="32-bit"/>
    <property name="line.separator" value="&#10;"/>
    <property name="java.specification.name" value="Java Platform API Specification"/>
    <property name="java.vm.specification.vendor" value="Oracle Corporation"/>
    <property name="java.awt.graphicsenv" value="sun.awt.Win32GraphicsEnvironment"/>
    <property name="surefire.real.class.path" value="C:\Users\STEVEE~1\AppData\Local\Temp\surefire17557847294387007825\surefirebooter4031982349767670466.jar"/>
    <property name="user.script" value=""/>
    <property name="sun.management.compiler" value="HotSpot 64-Bit Tiered Compilers"/>
    <property name="java.runtime.version" value="11.0.2+9-LTS"/>
    <property name="user.name" value="Steve Emmet"/>
    <property name="path.separator" value=";"/>
    <property name="os.version" value="10.0"/>
    <property name="java.runtime.name" value="Java(TM) SE Runtime Environment"/>
    <property name="file.encoding" value="Cp1252"/>
    <property name="java.vm.name" value="Java HotSpot(TM) 64-Bit Server VM"/>
    <property name="java.vendor.version" value="18.9"/>
    <property name="localRepository" value="C:\Users\Steve Emmet\.m2\repository"/>
    <property name="java.vendor.url.bug" value="http://bugreport.java.com/bugreport/"/>
    <property name="java.io.tmpdir" value="C:\Users\STEVEE~1\AppData\Local\Temp\"/>
    <property name="java.version" value="11.0.2"/>
    <property name="user.dir" value="C:\Users\Steve Emmet\IdeaProjects\GoyaOMSFramework"/>
    <property name="os.arch" value="amd64"/>
    <property name="java.vm.specification.name" value="Java Virtual Machine Specification"/>
    <property name="java.awt.printerjob" value="sun.awt.windows.WPrinterJob"/>
    <property name="sun.os.patch.level" value=""/>
    <property name="java.library.path" value="C:\Program Files\Java\jdk-11.0.2\bin;C:\Windows\Sun\Java\bin;C:\Windows\system32;C:\Windows;C:\Users\Steve Emmet\.jenkins\tools\hudson.tasks.Maven_MavenInstallation\Maven3.6.0/bin;C:\Program Files\Java\jdk-11.0.2/bin;C:\Program Files\Java\jdk-11.0.2/bin;C:\Windows\system32;C:\Windows;C:\Windows\System32\Wbem;C:\Windows\System32\WindowsPowerShell\v1.0\;C:\Windows\System32\OpenSSH\;C:\Program Files\Git\cmd;C:\Program Files\Java\jdk-11.0.2\bin;C:\apache-maven-3.6.0\bin;C:\Program Files\Java\jdk-11.0.2;C:\Program Files (x86)\Common Files\Oracle\Java\javapath;C:\Program Files\SourceGear\Common\DiffMerge\;C:\Users\Steve Emmet\AppData\Local\Android\Sdk\tools;C:\Users\Steve Emmet\AppData\Local\Android\Sdk\tools\bin;C:\Users\Steve Emmet\AppData\Local\Android\Sdk\platform-tools;C:\Program Files\nodejs\;C:\Program Files\nodejs\node_modules\npm\bin;C:\Users\Steve Emmet\AppData\Local\Microsoft\WindowsApps;C:\Users\Steve Emmet\AppData\Roaming\npm;."/>
    <property name="java.vendor" value="Oracle Corporation"/>
    <property name="java.vm.info" value="mixed mode"/>
    <property name="java.vm.version" value="11.0.2+9-LTS"/>
    <property name="sun.io.unicode.encoding" value="UnicodeLittle"/>
    <property name="java.class.version" value="55.0"/>
  </properties>
  <testcase name="checkBrokenLinks" classname="com.triveniit.goya.qa.testscripts.HomePageTestNG" time="0.006"/>
  <testcase name="smartOrderNotEnabledWithoutCustomer" classname="com.triveniit.goya.qa.testscripts.HomePageTestNG" time="1.11"/>
  <testcase name="addProgramTypePromoToOrder" classname="com.triveniit.goya.qa.testscripts.CreateOrder" time="21.91">
    <failure message="no such element: Unable to locate element: {&quot;method&quot;:&quot;xpath&quot;,&quot;selector&quot;:&quot;//*[@class=&apos;col-md-8 newpad ng-binding&apos;][contains(text(),&apos;25&apos;)]&quot;}&#10;  (Session info: chrome=73.0.3683.103)&#10;  (Driver info: chromedriver=2.46.628402 (536cd7adbad73a3783fdc2cab92ab2ba7ec361e1),platform=Windows NT 10.0.17134 x86_64) (WARNING: The server did not provide any stacktrace information)&#10;Command duration or timeout: 0 milliseconds&#10;For documentation on this error, please visit: https://www.seleniumhq.org/exceptions/no_such_element.html&#10;Build info: version: &apos;3.141.59&apos;, revision: &apos;e82be7d358&apos;, time: &apos;2018-11-14T08:17:03&apos;&#10;System info: host: &apos;DESKTOP-HB18O22&apos;, ip: &apos;192.168.1.225&apos;, os.name: &apos;Windows 10&apos;, os.arch: &apos;amd64&apos;, os.version: &apos;10.0&apos;, java.version: &apos;11.0.2&apos;&#10;Driver info: org.openqa.selenium.chrome.ChromeDriver&#10;Capabilities {acceptInsecureCerts: false, acceptSslCerts: false, applicationCacheEnabled: false, browserConnectionEnabled: false, browserName: chrome, chrome: {chromedriverVersion: 2.46.628402 (536cd7adbad73a..., userDataDir: C:\Users\STEVEE~1\AppData\L...}, cssSelectorsEnabled: true, databaseEnabled: false, goog:chromeOptions: {debuggerAddress: localhost:50521}, handlesAlerts: true, hasTouchScreen: false, javascriptEnabled: true, locationContextEnabled: true, mobileEmulationEnabled: false, nativeEvents: true, networkConnectionEnabled: false, pageLoadStrategy: normal, platform: XP, platformName: XP, proxy: Proxy(), rotatable: false, setWindowRect: true, strictFileInteractability: false, takesHeapSnapshot: true, takesScreenshot: true, timeouts: {implicit: 0, pageLoad: 300000, script: 30000}, unexpectedAlertBehaviour: ignore, unhandledPromptBehavior: ignore, version: 73.0.3683.103, webStorageEnabled: true}&#10;Session ID: 970aa7ffd3aa8e1c0253b6c51658ab15&#10;*** Element info: {Using=xpath, value=//*[@class=&apos;col-md-8 newpad ng-binding&apos;][contains(text(),&apos;25&apos;)]}" type="org.openqa.selenium.NoSuchElementException">org.openqa.selenium.NoSuchElementException: 
no such element: Unable to locate element: {"method":"xpath","selector":"//*[@class='col-md-8 newpad ng-binding'][contains(text(),'25')]"}
  (Session info: chrome=73.0.3683.103)
  (Driver info: chromedriver=2.46.628402 (536cd7adbad73a3783fdc2cab92ab2ba7ec361e1),platform=Windows NT 10.0.17134 x86_64) (WARNING: The server did not provide any stacktrace information)
Command duration or timeout: 0 milliseconds
For documentation on this error, please visit: https://www.seleniumhq.org/exceptions/no_such_element.html
Build info: version: '3.141.59', revision: 'e82be7d358', time: '2018-11-14T08:17:03'
System info: host: 'DESKTOP-HB18O22', ip: '192.168.1.225', os.name: 'Windows 10', os.arch: 'amd64', os.version: '10.0', java.version: '11.0.2'
Driver info: org.openqa.selenium.chrome.ChromeDriver
Capabilities {acceptInsecureCerts: false, acceptSslCerts: false, applicationCacheEnabled: false, browserConnectionEnabled: false, browserName: chrome, chrome: {chromedriverVersion: 2.46.628402 (536cd7adbad73a..., userDataDir: C:\Users\STEVEE~1\AppData\L...}, cssSelectorsEnabled: true, databaseEnabled: false, goog:chromeOptions: {debuggerAddress: localhost:50521}, handlesAlerts: true, hasTouchScreen: false, javascriptEnabled: true, locationContextEnabled: true, mobileEmulationEnabled: false, nativeEvents: true, networkConnectionEnabled: false, pageLoadStrategy: normal, platform: XP, platformName: XP, proxy: Proxy(), rotatable: false, setWindowRect: true, strictFileInteractability: false, takesHeapSnapshot: true, takesScreenshot: true, timeouts: {implicit: 0, pageLoad: 300000, script: 30000}, unexpectedAlertBehaviour: ignore, unhandledPromptBehavior: ignore, version: 73.0.3683.103, webStorageEnabled: true}
Session ID: 970aa7ffd3aa8e1c0253b6c51658ab15
*** Element info: {Using=xpath, value=//*[@class='col-md-8 newpad ng-binding'][contains(text(),'25')]}
	at com.triveniit.goya.qa.testscripts.CreateOrder.addProgramTypePromoToOrder(CreateOrder.java:135)
</failure>
    <system-err><![CDATA[java.net.MalformedURLException: no protocol: 
	at java.base/java.net.URL.<init>(URL.java:627)
	at java.base/java.net.URL.<init>(URL.java:523)
	at java.base/java.net.URL.<init>(URL.java:470)
	at com.triveniit.goya.qa.framework.utils.DriverFactory.getInstance(DriverFactory.java:85)
	at com.triveniit.goya.qa.framework.scriptbase.ScriptBase.beforeMethod(ScriptBase.java:46)
	at java.base/jdk.internal.reflect.NativeMethodAccessorImpl.invoke0(Native Method)
	at java.base/jdk.internal.reflect.NativeMethodAccessorImpl.invoke(NativeMethodAccessorImpl.java:62)
	at java.base/jdk.internal.reflect.DelegatingMethodAccessorImpl.invoke(DelegatingMethodAccessorImpl.java:43)
	at java.base/java.lang.reflect.Method.invoke(Method.java:566)
	at org.testng.internal.MethodInvocationHelper.invokeMethod(MethodInvocationHelper.java:124)
	at org.testng.internal.MethodInvocationHelper.invokeMethodConsideringTimeout(MethodInvocationHelper.java:59)
	at org.testng.internal.Invoker.invokeConfigurationMethod(Invoker.java:458)
	at org.testng.internal.Invoker.invokeConfigurations(Invoker.java:222)
	at org.testng.internal.Invoker.invokeMethod(Invoker.java:523)
	at org.testng.internal.Invoker.invokeTestMethod(Invoker.java:719)
	at org.testng.internal.Invoker.invokeTestMethods(Invoker.java:989)
	at org.testng.internal.TestMethodWorker.invokeTestMethods(TestMethodWorker.java:125)
	at org.testng.internal.TestMethodWorker.run(TestMethodWorker.java:109)
	at org.testng.TestRunner.privateRun(TestRunner.java:648)
	at org.testng.TestRunner.run(TestRunner.java:505)
	at org.testng.SuiteRunner.runTest(SuiteRunner.java:455)
	at org.testng.SuiteRunner.runSequentially(SuiteRunner.java:450)
	at org.testng.SuiteRunner.privateRun(SuiteRunner.java:415)
	at org.testng.SuiteRunner.run(SuiteRunner.java:364)
	at org.testng.SuiteRunnerWorker.runSuite(SuiteRunnerWorker.java:52)
	at org.testng.SuiteRunnerWorker.run(SuiteRunnerWorker.java:84)
	at org.testng.TestNG.runSuitesSequentially(TestNG.java:1208)
	at org.testng.TestNG.runSuitesLocally(TestNG.java:1137)
	at org.testng.TestNG.runSuites(TestNG.java:1049)
	at org.testng.TestNG.run(TestNG.java:1017)
	at org.apache.maven.surefire.testng.TestNGExecutor.run(TestNGExecutor.java:283)
	at org.apache.maven.surefire.testng.TestNGXmlTestSuite.execute(TestNGXmlTestSuite.java:75)
	at org.apache.maven.surefire.testng.TestNGProvider.invoke(TestNGProvider.java:120)
	at org.apache.maven.surefire.booter.ForkedBooter.invokeProviderInSameClassLoader(ForkedBooter.java:383)
	at org.apache.maven.surefire.booter.ForkedBooter.runSuitesInProcess(ForkedBooter.java:344)
	at org.apache.maven.surefire.booter.ForkedBooter.execute(ForkedBooter.java:125)
	at org.apache.maven.surefire.booter.ForkedBooter.main(ForkedBooter.java:417)
Starting ChromeDriver 2.46.628402 (536cd7adbad73a3783fdc2cab92ab2ba7ec361e1) on port 32647
Only local connections are allowed.
Please protect ports used by ChromeDriver and related test frameworks to prevent access by malicious code.
May 03, 2019 9:57:50 AM org.openqa.selenium.remote.ProtocolHandshake createSession
INFO: Detected dialect: OSS
]]></system-err>
  </testcase>
  <testcase name="balanceOwedCollect" classname="com.triveniit.goya.qa.testscripts.CreateOrder" time="8.287"/>
  <testcase name="noCustomerSelected" classname="com.triveniit.goya.qa.testscripts.CreateOrder" time="10.096"/>
  <testcase name="userAddsItemToOrder" classname="com.triveniit.goya.qa.testscripts.CreateOrder" time="4.658"/>
  <testcase name="userAddsItemUsingSearchFeature" classname="com.triveniit.goya.qa.testscripts.CreateOrder" time="15.629"/>
  <testcase name="userEntersInvalidUPCForItem" classname="com.triveniit.goya.qa.testscripts.CreateOrder" time="5.625"/>
  <testcase name="userMustAddValidNumberItemCaseQty" classname="com.triveniit.goya.qa.testscripts.CreateOrder" time="11.47"/>
  <testcase name="userSubmitsCustomerOrder" classname="com.triveniit.goya.qa.testscripts.CreateOrder" time="9.588"/>
  <testcase name="verifyCannotSubmitEmptyOrder" classname="com.triveniit.goya.qa.testscripts.CreateOrder" time="6.96"/>
  <testcase name="verifyDeliveryDayNoDeliveryDayCannotMatch" classname="com.triveniit.goya.qa.testscripts.CreateOrder" time="6.027"/>
  <testcase name="verifyNoSubmitalWhenAllItemsDeleted" classname="com.triveniit.goya.qa.testscripts.CreateOrder" time="19.353"/>
  <testcase name="verifyUnder$200DeliverySurcharge" classname="com.triveniit.goya.qa.testscripts.CreateOrder" time="7.638"/>
  <testcase name="addItemByTextQty" classname="com.triveniit.goya.qa.testscripts.SmartOrderTest" time="4.061"/>
  <testcase name="addOneItemToOrder" classname="com.triveniit.goya.qa.testscripts.SmartOrderTest" time="4.739"/>
  <testcase name="addTwoDifferentItemsDiffQty" classname="com.triveniit.goya.qa.testscripts.SmartOrderTest" time="7.5"/>
  <testcase name="deletingItemUsingQtyButton" classname="com.triveniit.goya.qa.testscripts.SmartOrderTest" time="6.82"/>
  <testcase name="deletingItemfromCart" classname="com.triveniit.goya.qa.testscripts.SmartOrderTest" time="6.925"/>
  <testcase name="verifyCorrectCustomerInfo" classname="com.triveniit.goya.qa.testscripts.SmartOrderTest" time="0.546"/>
  <testcase name="verifyCorrectItemInCart" classname="com.triveniit.goya.qa.testscripts.SmartOrderTest" time="2.696"/>
  <testcase name="verifyDeliveryChargeAlert" classname="com.triveniit.goya.qa.testscripts.SmartOrderTest" time="5.104"/>
  <testcase name="verifyMinusKeyCannotInputNeg" classname="com.triveniit.goya.qa.testscripts.SmartOrderTest" time="1.561"/>
  <testcase name="verifyMinusKeyDisabledAfterDeletingAllItemsFromCart" classname="com.triveniit.goya.qa.testscripts.SmartOrderTest" time="2.115"/>
  <testcase name="verifyMinusKeyDisabledWhenLandingOnSmartOrderPage" classname="com.triveniit.goya.qa.testscripts.SmartOrderTest" time="1.028"/>
  <testcase name="verifySubmitOrderButtonDisableWhenCartEmpty" classname="com.triveniit.goya.qa.testscripts.SmartOrderTest" time="3.925"/>
  <testcase name="verifySubmitOrderButtonDisableWhenLandingOnSOPage" classname="com.triveniit.goya.qa.testscripts.SmartOrderTest" time="0.928"/>
  <testcase name="verifySwitchCustAlert" classname="com.triveniit.goya.qa.testscripts.SmartOrderTest" time="2.414"/>
  <testcase name="verifyUserCanSubmitOrder" classname="com.triveniit.goya.qa.testscripts.SmartOrderTest" time="7.076"/>
</testsuite>