<?xml version="1.0" encoding="UTF-8"?>
<!-- Generated by org.testng.reporters.JUnitReportReporter -->
<testsuite hostname="DESKTOP-HB18O22" failures="0" tests="2" name="com.triveniit.goya.qa.testscripts.HomePageTestNG" time="23.485" errors="0" timestamp="01 May 2019 18:47:20 GMT" skipped="0">
  <testcase classname="com.triveniit.goya.qa.testscripts.HomePageTestNG" name="checkBrokenLinks" time="9.985"/>
  <testcase classname="com.triveniit.goya.qa.testscripts.HomePageTestNG" name="smartOrderNotEnabledWithoutCustomer" time="13.500"/>
</testsuite> <!-- com.triveniit.goya.qa.testscripts.HomePageTestNG -->
