<?xml version="1.0" encoding="UTF-8"?>
<!-- Generated by org.testng.reporters.JUnitReportReporter -->
<testsuite hostname="DESKTOP-HB18O22" failures="0" tests="2" name="com.triveniit.goya.qa.testscripts.HomePageTestNG" time="24.159" errors="0" timestamp="03 May 2019 14:09:01 GMT" skipped="0">
  <testcase classname="com.triveniit.goya.qa.testscripts.HomePageTestNG" name="checkBrokenLinks" time="10.278"/>
  <testcase classname="com.triveniit.goya.qa.testscripts.HomePageTestNG" name="smartOrderNotEnabledWithoutCustomer" time="13.881"/>
</testsuite> <!-- com.triveniit.goya.qa.testscripts.HomePageTestNG -->
