<?xml version="1.0" encoding="UTF-8"?>
<!-- Generated by org.testng.reporters.JUnitReportReporter -->
<testsuite hostname="DESKTOP-HB18O22" failures="0" tests="15" name="com.triveniit.goya.qa.testscripts.SmartOrderTest" time="347.921" errors="0" timestamp="03 May 2019 14:09:01 GMT" skipped="0">
  <testcase classname="com.triveniit.goya.qa.testscripts.SmartOrderTest" name="verifySubmitOrderButtonDisableWhenCartEmpty" time="22.312"/>
  <testcase classname="com.triveniit.goya.qa.testscripts.SmartOrderTest" name="addTwoDifferentItemsDiffQty" time="26.277"/>
  <testcase classname="com.triveniit.goya.qa.testscripts.SmartOrderTest" name="deletingItemfromCart" time="25.372"/>
  <testcase classname="com.triveniit.goya.qa.testscripts.SmartOrderTest" name="verifySwitchCustAlert" time="21.414"/>
  <testcase classname="com.triveniit.goya.qa.testscripts.SmartOrderTest" name="addOneItemToOrder" time="25.727"/>
  <testcase classname="com.triveniit.goya.qa.testscripts.SmartOrderTest" name="verifyMinusKeyDisabledWhenLandingOnSmartOrderPage" time="19.516"/>
  <testcase classname="com.triveniit.goya.qa.testscripts.SmartOrderTest" name="verifyDeliveryChargeAlert" time="25.011"/>
  <testcase classname="com.triveniit.goya.qa.testscripts.SmartOrderTest" name="verifyCorrectItemInCart" time="21.209"/>
  <testcase classname="com.triveniit.goya.qa.testscripts.SmartOrderTest" name="verifyMinusKeyCannotInputNeg" time="22.148"/>
  <testcase classname="com.triveniit.goya.qa.testscripts.SmartOrderTest" name="addItemByTextQty" time="22.696"/>
  <testcase classname="com.triveniit.goya.qa.testscripts.SmartOrderTest" name="deletingItemUsingQtyButton" time="26.755"/>
  <testcase classname="com.triveniit.goya.qa.testscripts.SmartOrderTest" name="verifyMinusKeyDisabledAfterDeletingAllItemsFromCart" time="21.667"/>
  <testcase classname="com.triveniit.goya.qa.testscripts.SmartOrderTest" name="verifySubmitOrderButtonDisableWhenLandingOnSOPage" time="21.478"/>
  <testcase classname="com.triveniit.goya.qa.testscripts.SmartOrderTest" name="verifyUserCanSubmitOrder" time="27.377"/>
  <testcase classname="com.triveniit.goya.qa.testscripts.SmartOrderTest" name="verifyCorrectCustomerInfo" time="18.962"/>
</testsuite> <!-- com.triveniit.goya.qa.testscripts.SmartOrderTest -->
